# JRE version: OpenJDK Runtime Environment (Zulu 8.58.0.13-CA-macos-aarch64) (8.0_312-b07) (build 1.8.0_312-b07)
# Java VM: OpenJDK 64-Bit Server VM (25.312-b07 mixed mode bsd-aarch64 compressed oops)
Heap:
 PSYoungGen      total 72192K, used 27193K [0x00000007ddd80000, 0x00000007e5d00000, 0x00000007e8800000)
  eden space 64512K, 30% used [0x00000007ddd80000,0x00000007df0a5af8,0x00000007e1c80000)
  from space 7680K, 98% used [0x00000007e5580000,0x00000007e5ce8b90,0x00000007e5d00000)
  to   space 11776K, 0% used [0x00000007e4600000,0x00000007e4600000,0x00000007e5180000)
 ParOldGen       total 175104K, used 9352K [0x00000007c8800000, 0x00000007d3300000, 0x00000007ddd80000)
  object space 175104K, 5% used [0x00000007c8800000,0x00000007c91221f0,0x00000007d3300000)
 Metaspace       used 31759K, capacity 33378K, committed 33664K, reserved 1077248K
  class space    used 4815K, capacity 5149K, committed 5248K, reserved 1048576K
GC Heap History (10 events):
Event: 5.098 GC heap before
{Heap before GC invocations=3 (full 0):
 PSYoungGen      total 76288K, used 75185K [0x00000007ddd80000, 0x00000007e3280000, 0x00000007e8800000)
  eden space 65536K, 100% used [0x00000007ddd80000,0x00000007e1d80000,0x00000007e1d80000)
  from space 10752K, 89% used [0x00000007e2800000,0x00000007e316c7f8,0x00000007e3280000)
  to   space 10752K, 0% used [0x00000007e1d80000,0x00000007e1d80000,0x00000007e2800000)
 ParOldGen       total 175104K, used 24K [0x00000007c8800000, 0x00000007d3300000, 0x00000007ddd80000)
  object space 175104K, 0% used [0x00000007c8800000,0x00000007c8806000,0x00000007d3300000)
 Metaspace       used 18211K, capacity 19040K, committed 19200K, reserved 1064960K
  class space    used 2614K, capacity 2802K, committed 2816K, reserved 1048576K
Event: 5.109 GC heap after
Heap after GC invocations=3 (full 0):
 PSYoungGen      total 76288K, used 9931K [0x00000007ddd80000, 0x00000007e3280000, 0x00000007e8800000)
  eden space 65536K, 0% used [0x00000007ddd80000,0x00000007ddd80000,0x00000007e1d80000)
  from space 10752K, 92% used [0x00000007e1d80000,0x00000007e2732da0,0x00000007e2800000)
  to   space 10752K, 0% used [0x00000007e2800000,0x00000007e2800000,0x00000007e3280000)
 ParOldGen       total 175104K, used 32K [0x00000007c8800000, 0x00000007d3300000, 0x00000007ddd80000)
  object space 175104K, 0% used [0x00000007c8800000,0x00000007c8808000,0x00000007d3300000)
 Metaspace       used 18211K, capacity 19040K, committed 19200K, reserved 1064960K
  class space    used 2614K, capacity 2802K, committed 2816K, reserved 1048576K
}
Event: 6.259 GC heap before
{Heap before GC invocations=4 (full 0):
 PSYoungGen      total 76288K, used 54040K [0x00000007ddd80000, 0x00000007e3280000, 0x00000007e8800000)
  eden space 65536K, 67% used [0x00000007ddd80000,0x00000007e08932d8,0x00000007e1d80000)
  from space 10752K, 92% used [0x00000007e1d80000,0x00000007e2732da0,0x00000007e2800000)
  to   space 10752K, 0% used [0x00000007e2800000,0x00000007e2800000,0x00000007e3280000)
 ParOldGen       total 175104K, used 32K [0x00000007c8800000, 0x00000007d3300000, 0x00000007ddd80000)
  object space 175104K, 0% used [0x00000007c8800000,0x00000007c8808000,0x00000007d3300000)
 Metaspace       used 20377K, capacity 21244K, committed 21296K, reserved 1067008K
  class space    used 2996K, capacity 3200K, committed 3200K, reserved 1048576K
Event: 6.273 GC heap after
Heap after GC invocations=4 (full 0):
 PSYoungGen      total 76288K, used 9592K [0x00000007ddd80000, 0x00000007e3280000, 0x00000007e8800000)
  eden space 65536K, 0% used [0x00000007ddd80000,0x00000007ddd80000,0x00000007e1d80000)
  from space 10752K, 89% used [0x00000007e2800000,0x00000007e315e208,0x00000007e3280000)
  to   space 10752K, 0% used [0x00000007e1d80000,0x00000007e1d80000,0x00000007e2800000)
 ParOldGen       total 175104K, used 40K [0x00000007c8800000, 0x00000007d3300000, 0x00000007ddd80000)
  object space 175104K, 0% used [0x00000007c8800000,0x00000007c880a000,0x00000007d3300000)
 Metaspace       used 20377K, capacity 21244K, committed 21296K, reserved 1067008K
  class space    used 2996K, capacity 3200K, committed 3200K, reserved 1048576K
}
Event: 6.273 GC heap before
{Heap before GC invocations=5 (full 1):
 PSYoungGen      total 76288K, used 9592K [0x00000007ddd80000, 0x00000007e3280000, 0x00000007e8800000)
  eden space 65536K, 0% used [0x00000007ddd80000,0x00000007ddd80000,0x00000007e1d80000)
  from space 10752K, 89% used [0x00000007e2800000,0x00000007e315e208,0x00000007e3280000)
  to   space 10752K, 0% used [0x00000007e1d80000,0x00000007e1d80000,0x00000007e2800000)
 ParOldGen       total 175104K, used 40K [0x00000007c8800000, 0x00000007d3300000, 0x00000007ddd80000)
  object space 175104K, 0% used [0x00000007c8800000,0x00000007c880a000,0x00000007d3300000)
 Metaspace       used 20377K, capacity 21244K, committed 21296K, reserved 1067008K
  class space    used 2996K, capacity 3200K, committed 3200K, reserved 1048576K
Event: 6.294 GC heap after
Heap after GC invocations=5 (full 1):
 PSYoungGen      total 76288K, used 0K [0x00000007ddd80000, 0x00000007e3280000, 0x00000007e8800000)
  eden space 65536K, 0% used [0x00000007ddd80000,0x00000007ddd80000,0x00000007e1d80000)
  from space 10752K, 0% used [0x00000007e2800000,0x00000007e2800000,0x00000007e3280000)
  to   space 10752K, 0% used [0x00000007e1d80000,0x00000007e1d80000,0x00000007e2800000)
 ParOldGen       total 175104K, used 9336K [0x00000007c8800000, 0x00000007d3300000, 0x00000007ddd80000)
  object space 175104K, 5% used [0x00000007c8800000,0x00000007c911e1f0,0x00000007d3300000)
 Metaspace       used 20377K, capacity 21244K, committed 21296K, reserved 1067008K
  class space    used 2996K, capacity 3200K, committed 3200K, reserved 1048576K
}
Event: 7.484 GC heap before
{Heap before GC invocations=6 (full 1):
 PSYoungGen      total 76288K, used 65536K [0x00000007ddd80000, 0x00000007e3280000, 0x00000007e8800000)
  eden space 65536K, 100% used [0x00000007ddd80000,0x00000007e1d80000,0x00000007e1d80000)
  from space 10752K, 0% used [0x00000007e2800000,0x00000007e2800000,0x00000007e3280000)
  to   space 10752K, 0% used [0x00000007e1d80000,0x00000007e1d80000,0x00000007e2800000)
 ParOldGen       total 175104K, used 9336K [0x00000007c8800000, 0x00000007d3300000, 0x00000007ddd80000)
  object space 175104K, 5% used [0x00000007c8800000,0x00000007c911e1f0,0x00000007d3300000)
 Metaspace       used 24113K, capacity 25296K, committed 25472K, reserved 1071104K
  class space    used 3619K, capacity 3882K, committed 3968K, reserved 1048576K
Event: 7.487 GC heap after
Heap after GC invocations=6 (full 1):
 PSYoungGen      total 76288K, used 5434K [0x00000007ddd80000, 0x00000007e6100000, 0x00000007e8800000)
  eden space 65536K, 0% used [0x00000007ddd80000,0x00000007ddd80000,0x00000007e1d80000)
  from space 10752K, 50% used [0x00000007e1d80000,0x00000007e22ce958,0x00000007e2800000)
  to   space 11776K, 0% used [0x00000007e5580000,0x00000007e5580000,0x00000007e6100000)
 ParOldGen       total 175104K, used 9344K [0x00000007c8800000, 0x00000007d3300000, 0x00000007ddd80000)
  object space 175104K, 5% used [0x00000007c8800000,0x00000007c91201f0,0x00000007d3300000)
 Metaspace       used 24113K, capacity 25296K, committed 25472K, reserved 1071104K
  class space    used 3619K, capacity 3882K, committed 3968K, reserved 1048576K
}
Event: 8.322 GC heap before
{Heap before GC invocations=7 (full 1):
 PSYoungGen      total 76288K, used 70966K [0x00000007ddd80000, 0x00000007e6100000, 0x00000007e8800000)
  eden space 65536K, 99% used [0x00000007ddd80000,0x00000007e1d7f0d0,0x00000007e1d80000)
  from space 10752K, 50% used [0x00000007e1d80000,0x00000007e22ce958,0x00000007e2800000)
  to   space 11776K, 0% used [0x00000007e5580000,0x00000007e5580000,0x00000007e6100000)
 ParOldGen       total 175104K, used 9344K [0x00000007c8800000, 0x00000007d3300000, 0x00000007ddd80000)
  object space 175104K, 5% used [0x00000007c8800000,0x00000007c91201f0,0x00000007d3300000)
 Metaspace       used 29331K, capacity 30896K, committed 31104K, reserved 1075200K
  class space    used 4390K, capacity 4728K, committed 4736K, reserved 1048576K
Event: 8.325 GC heap after
Heap after GC invocations=7 (full 1):
 PSYoungGen      total 72192K, used 7586K [0x00000007ddd80000, 0x00000007e5d00000, 0x00000007e8800000)
  eden space 64512K, 0% used [0x00000007ddd80000,0x00000007ddd80000,0x00000007e1c80000)
  from space 7680K, 98% used [0x00000007e5580000,0x00000007e5ce8b90,0x00000007e5d00000)
  to   space 11776K, 0% used [0x00000007e4600000,0x00000007e4600000,0x00000007e5180000)
 ParOldGen       total 175104K, used 9352K [0x00000007c8800000, 0x00000007d3300000, 0x00000007ddd80000)
  object space 175104K, 5% used [0x00000007c8800000,0x00000007c91221f0,0x00000007d3300000)
 Metaspace       used 29331K, capacity 30896K, committed 31104K, reserved 1075200K
  class space    used 4390K, capacity 4728K, committed 4736K, reserved 1048576K
}

